发现内存泄漏 地址: 0x0x562d1d7e6320 数据大小: 4 字节
堆栈信息: 
	?? () at ??:0 (_Znwm+0x1b)
	main () at tianzuo.LianYaoTest.cpp:38 (+0x1422)
	?? () at ??:0 (__libc_start_main+0xf3)
	_start () at ??:? (+0x116e)

发现内存泄漏 地址: 0x0x562d1d7e63a3 数据大小: 24 字节
堆栈信息: 
	?? () at ??:0 (_Znwm+0x1b)
	main () at tianzuo.LianYaoTest.cpp:51 (+0x14b5)
	?? () at ??:0 (__libc_start_main+0xf3)
	_start () at ??:? (+0x116e)

发现内存泄漏 地址: 0x0x562d1d7e63d4 数据大小: 132 字节
堆栈信息: 
	?? () at ??:0 (_Znwm+0x1b)
	?? () at ??:0 (_Znam+0x1c)
	class1::class1() () at class1.cpp:4 (+0x12ec)
	main () at tianzuo.LianYaoTest.cpp:54 (+0x14f2)
	?? () at ??:0 (__libc_start_main+0xf3)
	_start () at ??:? (+0x116e)

发现内存泄漏 地址: 0x0x562d1d8c7420 数据大小: 1555 字节
堆栈信息: 
	?? () at ??:0 (_Znwm+0x1b)
	?? () at ??:0 (_Znam+0x1c)
	main () at tianzuo.LianYaoTest.cpp:48 (+0x1499)
	?? () at ??:0 (__libc_start_main+0xf3)
	_start () at ??:? (+0x116e)

内存使用总大小: 4627 字节
内存未使用大小: 2912 字节
内存泄漏总大小: 1715 字节
